{
  "RSpec": {
    "coverage": {
      "/Users/student/Documents/Makers/weekly-challenges/tic-tac-toe/spec/game_spec.rb": [
        null,
        null,
        1,
        null,
        1,
        8,
        8,
        8,
        null,
        1,
        1,
        1,
        null,
        null,
        1,
        1,
        null,
        null,
        1,
        1,
        null,
        null,
        null,
        1,
        1,
        1,
        1,
        1,
        null,
        null,
        1,
        1,
        1,
        1,
        1,
        1,
        null,
        null,
        null,
        1,
        1,
        1,
        1,
        null,
        null,
        1,
        1,
        1,
        2,
        1,
        null,
        null,
        null
      ],
      "/Users/student/Documents/Makers/weekly-challenges/tic-tac-toe/lib/game.rb": [
        null,
        null,
        1,
        null,
        1,
        1,
        null,
        1,
        7,
        7,
        7,
        null,
        null,
        1,
        5,
        null,
        null,
        1,
        3,
        2,
        null,
        1,
        null,
        3,
        null,
        null,
        null,
        null,
        null,
        null,
        null,
        null,
        1,
        2,
        null,
        null,
        null,
        null,
        null,
        null,
        null,
        null
      ],
      "/Users/student/Documents/Makers/weekly-challenges/tic-tac-toe/lib/player.rb": [
        null,
        null,
        1,
        1,
        null,
        1,
        2,
        2,
        null,
        null,
        1,
        2,
        2,
        null,
        null
      ],
      "/Users/student/Documents/Makers/weekly-challenges/tic-tac-toe/spec/player_spec.rb": [
        null,
        null,
        1,
        null,
        1,
        2,
        2,
        null,
        1,
        1,
        1,
        null,
        null,
        1,
        1,
        null,
        null,
        null
      ]
    },
    "timestamp": 1574422227
  }
}
