{
  "RSpec": {
    "coverage": {
      "/Users/student/Documents/Makers/weekly-challenges/tic-tac-toe/spec/player_spec.rb": [
        null,
        null,
        1,
        null,
        1,
        1,
        4,
        2,
        null,
        1,
        1,
        1,
        1,
        null,
        null,
        1,
        1,
        1,
        null,
        null,
        null,
        1,
        1,
        1,
        1,
        null,
        null,
        1,
        1,
        1,
        1,
        1,
        null,
        null,
        null
      ],
      "/Users/student/Documents/Makers/weekly-challenges/tic-tac-toe/lib/player.rb": [
        null,
        null,
        1,
        null,
        1,
        1,
        null,
        1,
        4,
        4,
        4,
        null,
        null,
        1,
        6,
        6,
        null,
        null,
        1,
        null,
        1,
        6,
        null,
        null,
        null
      ],
      "/Users/student/Documents/Makers/weekly-challenges/tic-tac-toe/lib/win_calculator.rb": [
        null,
        null,
        1,
        1,
        6,
        null,
        null,
        null,
        null,
        null,
        null,
        null,
        null,
        null,
        1,
        6,
        null,
        6,
        46,
        45,
        null,
        40,
        null,
        null,
        5,
        null,
        null
      ]
    },
    "timestamp": 1574538364
  }
}
